

############################
Di 8. Sep 17:42:21 CEST 2020
/mnt/data/Finished Projects/ToposSC/code/figure_creation/sigROIs
/usr/local/freesurfer/tktools/tksurfer.bin fsaverage lh inflated 
############################


############################
Di 8. Sep 17:42:54 CEST 2020
/mnt/data/Finished Projects/ToposSC/code/figure_creation/sigROIs
/usr/local/freesurfer/tktools/tksurfer.bin fsaverage lh inflated 
############################


############################
Di 8. Sep 17:43:30 CEST 2020
/mnt/data/Finished Projects/ToposSC/code/figure_creation/sigROIs
/usr/local/freesurfer/tktools/tksurfer.bin fsaverage lh inflated 
############################


############################
Di 8. Sep 18:01:20 CEST 2020
/mnt/data/Finished Projects/ToposSC/code/figure_creation/sigROIs
/usr/local/freesurfer/tktools/tksurfer.bin fsaverage lh inflated 
############################


############################
Di 8. Sep 18:04:53 CEST 2020
/mnt/data/Finished Projects/ToposSC/code/figure_creation/sigROIs
/usr/local/freesurfer/tktools/tksurfer.bin fsaverage lh inflated 
############################


############################
Do 10. Sep 18:21:49 CEST 2020
/mnt/data/Finished Projects/ToposSC/code/figure_creation/sigROIs
/usr/local/freesurfer/tktools/tksurfer.bin fsaverage lh white 
############################


############################
Do 10. Sep 18:24:03 CEST 2020
/mnt/data/Finished Projects/ToposSC/code/figure_creation/sigROIs
/usr/local/freesurfer/tktools/tksurfer.bin fsaverage lh white 
############################


############################
Do 10. Sep 18:25:11 CEST 2020
/mnt/data/Finished Projects/ToposSC/code/figure_creation/sigROIs
/usr/local/freesurfer/tktools/tksurfer.bin fsaverage lh white 
############################


############################
Do 10. Sep 18:25:36 CEST 2020
/mnt/data/Finished Projects/ToposSC/code/figure_creation/sigROIs
/usr/local/freesurfer/tktools/tksurfer.bin fsaverage lh white 
############################


############################
Do 10. Sep 18:25:58 CEST 2020
/mnt/data/Finished Projects/ToposSC/code/figure_creation/sigROIs
/usr/local/freesurfer/tktools/tksurfer.bin fsaverage lh white 
############################


############################
Do 10. Sep 18:26:36 CEST 2020
/mnt/data/Finished Projects/ToposSC/code/figure_creation/sigROIs
/usr/local/freesurfer/tktools/tksurfer.bin fsaverage lh white 
############################


############################
Do 10. Sep 18:27:20 CEST 2020
/mnt/data/Finished Projects/ToposSC/code/figure_creation/sigROIs
/usr/local/freesurfer/tktools/tksurfer.bin fsaverage lh white 
############################


############################
Do 10. Sep 18:28:55 CEST 2020
/mnt/data/Finished Projects/ToposSC/code/figure_creation/sigROIs
/usr/local/freesurfer/tktools/tksurfer.bin fsaverage lh_white -labels_under annot aparc 
############################


############################
Do 10. Sep 18:29:05 CEST 2020
/mnt/data/Finished Projects/ToposSC/code/figure_creation/sigROIs
/usr/local/freesurfer/tktools/tksurfer.bin fsaverage lh_white annot aparc 
############################


############################
Do 10. Sep 18:29:15 CEST 2020
/mnt/data/Finished Projects/ToposSC/code/figure_creation/sigROIs
/usr/local/freesurfer/tktools/tksurfer.bin fsaverage lh white annot aparc 
############################


############################
Do 10. Sep 18:31:00 CEST 2020
/mnt/data/Finished Projects/ToposSC/code/figure_creation/sigROIs
/usr/local/freesurfer/tktools/tksurfer.bin fsaverage lh white 
############################


############################
Do 10. Sep 18:31:43 CEST 2020
/mnt/data/Finished Projects/ToposSC/code/figure_creation/sigROIs
/usr/local/freesurfer/tktools/tksurfer.bin fsaverage lh grey 
############################


############################
Do 10. Sep 18:31:52 CEST 2020
/mnt/data/Finished Projects/ToposSC/code/figure_creation/sigROIs
/usr/local/freesurfer/tktools/tksurfer.bin fsaverage lh pial 
############################


############################
Do 10. Sep 18:32:44 CEST 2020
/mnt/data/Finished Projects/ToposSC/code/figure_creation/sigROIs
/usr/local/freesurfer/tktools/tksurfer.bin fsaverage lh pial 
############################


############################
Sa 12. Sep 09:28:51 CEST 2020
/mnt/data/Finished Projects/ToposSC/code/figure_creation/sigROIs
/usr/local/freesurfer/tktools/tksurfer.bin fsaverage lh pial 
############################


############################
Sa 12. Sep 09:29:52 CEST 2020
/mnt/data/Finished Projects/ToposSC/code/figure_creation/sigROIs
/usr/local/freesurfer/tktools/tksurfer.bin fsaverage rh pial 
############################


############################
Sa 12. Sep 09:30:34 CEST 2020
/mnt/data/Finished Projects/ToposSC/code/figure_creation/sigROIs
/usr/local/freesurfer/tktools/tksurfer.bin fsaverage rh pial 
############################


############################
Sa 12. Sep 09:31:10 CEST 2020
/mnt/data/Finished Projects/ToposSC/code/figure_creation/sigROIs
/usr/local/freesurfer/tktools/tksurfer.bin fsaverage rh pial 
############################


############################
Sa 12. Sep 09:32:19 CEST 2020
/mnt/data/Finished Projects/ToposSC/code/figure_creation/sigROIs
/usr/local/freesurfer/tktools/tksurfer.bin fsaverage rh pial 
############################


############################
Sa 12. Sep 09:33:14 CEST 2020
/mnt/data/Finished Projects/ToposSC/code/figure_creation/sigROIs
/usr/local/freesurfer/tktools/tksurfer.bin fsaverage rh pial 
############################


############################
Sa 12. Sep 09:34:52 CEST 2020
/mnt/data/Finished Projects/ToposSC/code/figure_creation/sigROIs
/usr/local/freesurfer/tktools/tksurfer.bin fsaverage rh pial 
############################


############################
Sa 12. Sep 09:35:37 CEST 2020
/mnt/data/Finished Projects/ToposSC/code/figure_creation/sigROIs
/usr/local/freesurfer/tktools/tksurfer.bin fsaverage rh pial 
############################


############################
Sa 12. Sep 09:36:03 CEST 2020
/mnt/data/Finished Projects/ToposSC/code/figure_creation/sigROIs
/usr/local/freesurfer/tktools/tksurfer.bin fsaverage rh pial 
############################


############################
Sa 12. Sep 09:56:32 CEST 2020
/mnt/data/Finished Projects/ToposSC/code/figure_creation/sigROIs
/usr/local/freesurfer/tktools/tksurfer.bin fsaverage rh pial 
############################


############################
Sa 12. Sep 09:57:24 CEST 2020
/mnt/data/Finished Projects/ToposSC/code/figure_creation/sigROIs
/usr/local/freesurfer/tktools/tksurfer.bin fsaverage rh pial 
############################


############################
Sa 12. Sep 10:04:12 CEST 2020
/mnt/data/Finished Projects/ToposSC/code/figure_creation/sigROIs
/usr/local/freesurfer/tktools/tksurfer.bin fsaverage rh pial 
############################


############################
Sa 12. Sep 10:04:42 CEST 2020
/mnt/data/Finished Projects/ToposSC/code/figure_creation/sigROIs
/usr/local/freesurfer/tktools/tksurfer.bin fsaverage rh pial 
############################


############################
Sa 12. Sep 10:06:04 CEST 2020
/mnt/data/Finished Projects/ToposSC/code/figure_creation/sigROIs
/usr/local/freesurfer/tktools/tksurfer.bin fsaverage rh pial 
############################


############################
Sa 12. Sep 10:06:55 CEST 2020
/mnt/data/Finished Projects/ToposSC/code/figure_creation/sigROIs
/usr/local/freesurfer/tktools/tksurfer.bin fsaverage rh pial 
############################


############################
Sa 12. Sep 10:07:59 CEST 2020
/mnt/data/Finished Projects/ToposSC/code/figure_creation/sigROIs
/usr/local/freesurfer/tktools/tksurfer.bin fsaverage rh pial 
############################


############################
Sa 12. Sep 10:09:13 CEST 2020
/mnt/data/Finished Projects/ToposSC/code/figure_creation/sigROIs
/usr/local/freesurfer/tktools/tksurfer.bin fsaverage rh pial 
############################
